<?xml version="1.0" encoding="UTF-8"?>
<!-- Generated by org.testng.reporters.JUnitReportReporter -->
<testsuite hostname="LAPTOP-S7EE750O" name="abc.day1" tests="4" failures="0" timestamp="17 Aug 2020 10:39:56 GMT" time="0.015" errors="0">
  <testcase name="instagram" time="0.003" classname="abc.day1"/>
  <testcase name="facebook" time="0.008" classname="abc.day1"/>
  <testcase name="whatsappchecking" time="0.002" classname="abc.day1"/>
  <testcase name="mobilesendingmessage" time="0.002" classname="abc.day1"/>
</testsuite> <!-- abc.day1 -->
