<?xml version="1.0" encoding="UTF-8"?>
<!-- Generated by org.testng.reporters.JUnitReportReporter -->
<testsuite hostname="LAPTOP-S7EE750O" name="hello.day4" tests="1" failures="0" timestamp="12 Aug 2020 09:54:53 GMT" time="0.006" errors="0">
  <testcase name="mobileloginhomeloan" time="0.006" classname="hello.day4"/>
</testsuite> <!-- hello.day4 -->
