<?xml version="1.0" encoding="UTF-8"?>
<!-- Generated by org.testng.reporters.JUnitReportReporter -->
<testsuite hostname="LAPTOP-S7EE750O" name="xyz" tests="1" failures="0" timestamp="2 Aug 2020 15:14:27 GMT" time="0.008" errors="0">
  <testcase name="educational_loan" time="0.008" classname="xyz"/>
</testsuite> <!-- xyz -->
