<?xml version="1.0" encoding="UTF-8"?>
<!-- Generated by org.testng.reporters.JUnitReportReporter -->
<testsuite hostname="LAPTOP-S7EE750O" name="abc.ExcelExample" tests="4" failures="0" timestamp="6 Aug 2020 07:36:49 GMT" time="61.946" errors="0">
  <testcase name="demoClass" time="7.652" classname="abc.ExcelExample"/>
  <testcase name="demoClass" time="12.454" classname="abc.ExcelExample"/>
  <testcase name="demoClass" time="31.374" classname="abc.ExcelExample"/>
  <testcase name="demoClass" time="10.466" classname="abc.ExcelExample"/>
</testsuite> <!-- abc.ExcelExample -->
