<?xml version="1.0" encoding="UTF-8"?>
<!-- Generated by org.testng.reporters.JUnitReportReporter -->
<testsuite hostname="LAPTOP-S7EE750O" name="abc.day2" tests="2" failures="0" timestamp="12 Aug 2020 09:54:53 GMT" time="0.004" errors="0">
  <testcase name="webfacebok" time="0.002" classname="abc.day2"/>
  <testcase name="webwhatsapp" time="0.002" classname="abc.day2"/>
</testsuite> <!-- abc.day2 -->
