<?xml version="1.0" encoding="UTF-8"?>
<!-- Generated by org.testng.reporters.JUnitReportReporter -->
<testsuite hostname="LAPTOP-S7EE750O" name="Eg1" tests="4" failures="0" timestamp="13 Aug 2020 09:59:16 GMT" time="41.498" errors="0">
  <testcase name="facebook" time="9.894" classname="Eg1"/>
  <testcase name="Quickyes" time="17.942" classname="Eg1"/>
  <testcase name="google" time="5.743" classname="Eg1"/>
  <testcase name="Instagram" time="7.919" classname="Eg1"/>
</testsuite> <!-- Eg1 -->
