<?xml version="1.0" encoding="UTF-8"?>
<!-- Generated by org.testng.reporters.JUnitReportReporter -->
<testsuite hostname="LAPTOP-S7EE750O" name="hello.Abc" tests="2" failures="0" timestamp="17 Aug 2020 09:48:44 GMT" time="0.009" errors="0">
  <testcase name="demo" time="0.007" classname="hello.Abc"/>
  <testcase name="bye" time="0.002" classname="hello.Abc"/>
</testsuite> <!-- hello.Abc -->
