<?xml version="1.0" encoding="UTF-8"?>
<!-- Generated by org.testng.reporters.JUnitReportReporter -->
<testsuite hostname="LAPTOP-S7EE750O" name="day5" tests="5" failures="0" timestamp="13 Aug 2020 09:37:16 GMT" time="13.125" errors="0">
  <testcase name="d" time="0.002" classname="day5"/>
  <testcase name="b" time="8.019" classname="day5"/>
  <testcase name="e" time="0.002" classname="day5"/>
  <testcase name="a" time="4.600" classname="day5"/>
  <testcase name="c" time="0.502" classname="day5"/>
</testsuite> <!-- day5 -->
