<?xml version="1.0" encoding="UTF-8"?>
<!-- Generated by org.testng.reporters.JUnitReportReporter -->
<testsuite hostname="LAPTOP-S7EE750O" name="day1" tests="2" failures="0" timestamp="10 Aug 2020 09:50:27 GMT" time="0.015" errors="0">
  <testcase name="mobilelogout" time="0.001" classname="day1"/>
  <testcase name="mobilelogin" time="0.014" classname="day1"/>
</testsuite> <!-- day1 -->
