<?xml version="1.0" encoding="UTF-8"?>
<!-- Generated by org.testng.reporters.JUnitReportReporter -->
<testsuite hostname="LAPTOP-S7EE750O" name="abc.day3" tests="3" failures="0" timestamp="17 Aug 2020 10:39:56 GMT" time="0.002" errors="0">
  <testcase name="hike" time="0.001" classname="abc.day3"/>
  <testcase name="data" time="0.001" classname="abc.day3"/>
  <testcase name="word" time="0.000" classname="abc.day3"/>
</testsuite> <!-- abc.day3 -->
