<?xml version="1.0" encoding="UTF-8"?>
<!-- Generated by org.testng.reporters.JUnitReportReporter -->
<testsuite hostname="LAPTOP-S7EE750O" name="abc.Parallel_demo" tests="2" failures="0" timestamp="17 Aug 2020 09:16:34 GMT" time="163.426" errors="0">
  <testcase name="salesforce" time="131.359" classname="abc.Parallel_demo"/>
  <testcase name="google" time="32.067" classname="abc.Parallel_demo"/>
</testsuite> <!-- abc.Parallel_demo -->
