<?xml version="1.0" encoding="UTF-8"?>
<!-- Generated by org.testng.reporters.JUnitReportReporter -->
<testsuite hostname="LAPTOP-S7EE750O" name="Abc" tests="2" failures="0" timestamp="2 Aug 2020 15:07:46 GMT" time="0.008" errors="0">
  <testcase name="bye" time="0.007" classname="Abc"/>
  <testcase name="demo" time="0.001" classname="Abc"/>
</testsuite> <!-- Abc -->
