<?xml version="1.0" encoding="UTF-8"?>
<!-- Generated by org.testng.reporters.JUnitReportReporter -->
<testsuite hostname="LAPTOP-S7EE750O" name="day2" tests="2" failures="0" timestamp="10 Aug 2020 09:50:37 GMT" time="0.024" errors="0">
  <testcase name="weblogout" time="0.002" classname="day2"/>
  <testcase name="weblogin" time="0.022" classname="day2"/>
</testsuite> <!-- day2 -->
